
> lewis-loyalty@1.0.0 build
> next build

   ▲ Next.js 15.5.5
   - Environments: .env.local, .env
   - Experiments (use with caution):
     · serverActions

   Creating an optimized production build ...
 ✓ Compiled successfully in 91s
   Linting and checking validity of types ...
Failed to compile.

./app/api/customer/[phone]/rewards/route.ts:101:38
Type error: Property 'id' does not exist on type 'any[]'.

[0m [90m  99 |[39m
 [90m 100 |[39m     [90m// Find and update the reward[39m
[31m[1m>[22m[39m[90m 101 |[39m     [36mconst[39m reward [33m=[39m customer[33m.[39mrewards[33m?[39m[33m.[39mid(rewardId)[33m;[39m
 [90m     |[39m                                      [31m[1m^[22m[39m
 [90m 102 |[39m     
 [90m 103 |[39m     [36mif[39m ([33m![39mreward) {
 [90m 104 |[39m       [36mreturn[39m [33mNextResponse[39m[33m.[39mjson([0m
Next.js build worker exited with code: 1 and signal: null
